[2024-02-01T20:22:27.136] [INFO] default - New block received: Block # 51500325
[2024-02-01T20:22:27.153] [INFO] default - New block received: Block # 51500326
[2024-02-01T20:22:31.156] [INFO] default - New block received: Block # 51500327
[2024-02-01T20:22:31.159] [INFO] default - New block received: Block # 51500328
[2024-02-01T20:22:31.965] [ERROR] default - >>>>>>>>>>>>>>>>>>>>>>>>>>Error in fetchGasPrice for trade: WMATIC/LINK <<<<<<<<<<<<<<<<<<<<<<<<<<<<<<<<<<<<<<<
[2024-02-01T20:22:31.965] [ERROR] default - >>>>>>>>>>>>>>>>>>>>>>>>>>>>>>>>>>TRADE DATA: WMATIC/LINK <<<<<<<<<<<<<<<<<<<<<<<<<<<<<<<<<<<<<<<<<<<<<<<<
[2024-02-01T20:22:31.966] [ERROR] default - {
  id: '0x68ccE7049013ca8df91CD512ceFEe8FC0bb8d926',
  block: 51500328,
  trade: 'multi',
  ticker: 'WMATIC/LINK',
  direction: 'B',
  tradeSize: '0.43976605217879600 WMATIC',
  loanPool: {
    exchange: 'APE',
    priceIn: '18.645507928241152632',
    priceOut: '0.053632220899992982',
    reservesIn: '950.270183961974049860 WMATIC',
    reservesOut: '50.965100420925560800 LINK',
    repaysObj: {
      direct: '0.44108535033533230 WMATIC',
      directInTokenOut: '0.2365638694493534 LINK',
      simpleMulti: '0.2365638694493534 LINK',
      getAmountsOut: '0.2351378825798641 LINK',
      getAmountsIn: '0.2365550183090908 LINK'
    },
    amountOut: '0.2351378825798641 LINK',
    amountOutToken0for1: '0.43832747492611030 WMATIC',
    amountRepay: '0.2351378825798641 LINK'
  },
  target: {
    exchange: 'SUSHI',
    priceIn: '18.476227717542402689',
    priceOut: '0.054123602246498725',
    reservesIn: '135.420295375001146050 WMATIC',
    reservesOut: '7.329434202979932900 LINK',
    amountOutToken0for1: '0.43422870985796190 WMATIC',
    amountOut: '0.2358030128207402 LINK'
  },
  result: {
    uniswapkPreT: '48430615352633413784195291639191497142962',
    uniswapkPosT: '48430621888311103705148909052595372910250',
    uniswapKPositive: true,
    profit: '0.6651302408761 LINK',
    profperc: '0.2820702894842733%'
  }
}
[2024-02-01T20:22:31.967] [ERROR] default - >>>>>>>>>>>>>>>>>>>>>>>>>>>>>>>>>>END TRADE DATA: WMATIC/LINK <<<<<<<<<<<<<<<<<<<<<<<<<<<<<<<<<<<<<<<<<<<<<<<<
[2024-02-01T20:22:31.967] [ERROR] default - >>>>>>>>>>>>>>>>>>>>>>>>>>>>>>>>>>ERROR DATA: WMATIC/LINK <<<<<<<<<<<<<<<<<<<<<<<<<<<<<<<<<<<<<<<<<<<<<<<<
[2024-02-01T20:22:31.968] [ERROR] default - Error: no matching fragment (operation="fragment", info={ "args": [ { "amount0In": 43976605217879598, "amount1Out": 2358030128207402, "amountToRepay": 2351378825798641, "loanFactory": "0xCf083Be4164828f00cAE704EC15a36D711491284", "loanRouter": "0xC0788A3aD43d79aa53B09c2EaCc313A787d1d607", "recipientRouter": "0x1b02dA8Cb0d097eB8D57A175b88c7D8b47997506", "token0ID": "0x0d500B1d8E8eF31E21C99d1Db9A6444d3ADf1270", "token1ID": "0x53E0bca35eC356BD5ddDFebbD1Fc0fD03FaBad39" } ], "key": "flashSwap" }, code=UNSUPPORTED_OPERATION, version=6.10.0)
    at makeError (/mnt/c/code/polybotv2/node_modules/ethers/src.ts/utils/errors.ts:694:21)
    at assert (/mnt/c/code/polybotv2/node_modules/ethers/src.ts/utils/errors.ts:715:25)
    at getFragment (/mnt/c/code/polybotv2/node_modules/ethers/src.ts/contract/contract.ts:270:15)
    at populateTransaction (/mnt/c/code/polybotv2/node_modules/ethers/src.ts/contract/contract.ts:278:26)
    at AsyncFunction.estimateGas (/mnt/c/code/polybotv2/node_modules/ethers/src.ts/contract/contract.ts:325:47)
    at fetchGasPrice (/mnt/c/code/polybotv2/scripts/v2/modules/fetchGasPrice.ts:44:55)
    at processTicksAndRejections (node:internal/process/task_queues:95:5)
    at async gasVprofit (/mnt/c/code/polybotv2/scripts/v2/modules/gasVprofit.ts:42:28)
    at async rollDamage (/mnt/c/code/polybotv2/scripts/v2/modules/damage.ts:60:30) {
  code: 'UNSUPPORTED_OPERATION',
  operation: 'fragment',
  info: { key: 'flashSwap', args: [ [Object] ] },
  shortMessage: 'no matching fragment'
}
[2024-02-01T20:22:32.017] [TRACE] default - TRACE:
[2024-02-01T20:22:32.018] [TRACE] default - Error: no matching fragment (operation="fragment", info={ "args": [ { "amount0In": 43976605217879598, "amount1Out": 2358030128207402, "amountToRepay": 2351378825798641, "loanFactory": "0xCf083Be4164828f00cAE704EC15a36D711491284", "loanRouter": "0xC0788A3aD43d79aa53B09c2EaCc313A787d1d607", "recipientRouter": "0x1b02dA8Cb0d097eB8D57A175b88c7D8b47997506", "token0ID": "0x0d500B1d8E8eF31E21C99d1Db9A6444d3ADf1270", "token1ID": "0x53E0bca35eC356BD5ddDFebbD1Fc0fD03FaBad39" } ], "key": "flashSwap" }, code=UNSUPPORTED_OPERATION, version=6.10.0)
    at makeError (/mnt/c/code/polybotv2/node_modules/ethers/src.ts/utils/errors.ts:694:21)
    at assert (/mnt/c/code/polybotv2/node_modules/ethers/src.ts/utils/errors.ts:715:25)
    at getFragment (/mnt/c/code/polybotv2/node_modules/ethers/src.ts/contract/contract.ts:270:15)
    at populateTransaction (/mnt/c/code/polybotv2/node_modules/ethers/src.ts/contract/contract.ts:278:26)
    at AsyncFunction.estimateGas (/mnt/c/code/polybotv2/node_modules/ethers/src.ts/contract/contract.ts:325:47)
    at fetchGasPrice (/mnt/c/code/polybotv2/scripts/v2/modules/fetchGasPrice.ts:44:55)
    at processTicksAndRejections (node:internal/process/task_queues:95:5)
    at async gasVprofit (/mnt/c/code/polybotv2/scripts/v2/modules/gasVprofit.ts:42:28)
    at async rollDamage (/mnt/c/code/polybotv2/scripts/v2/modules/damage.ts:60:30) {
  code: 'UNSUPPORTED_OPERATION',
  operation: 'fragment',
  info: { key: 'flashSwap', args: [ [Object] ] },
  shortMessage: 'no matching fragment'
}
[2024-02-01T20:22:32.019] [ERROR] default - >>>>>>>>>>>>>>>>>>>>>>>>>>>>>>>>>>END ERROR DATA: WMATIC/LINK <<<<<<<<<<<<<<<<<<<<<<<<<<<<<<<<<<<<<<<<<<<<<<<<
[2024-02-01T20:22:32.019] [ERROR] default - >>>>>>>>>>>>>>>>>>>>>>>>>>Error in fetchGasPrice for trade: WMATIC/LINK <<<<<<<<<<<<<<<<<<<<<<<<<<<<<<<<<<<<<<<
[2024-02-01T20:22:32.019] [INFO] default - undefined
[2024-02-01T20:22:32.020] [ERROR] default - >>>>>>>>>>>>>>>>>>>>>>>>>>Error in fetchGasPrice for trade: WMATIC/LINK <<<<<<<<<<<<<<<<<<<<<<<<<<<<<<<<<<<<<<<
[2024-02-01T20:22:32.020] [ERROR] default - >>>>>>>>>>>>>>>>>>>>>>>>>>>>>>>>>>TRADE DATA: WMATIC/LINK <<<<<<<<<<<<<<<<<<<<<<<<<<<<<<<<<<<<<<<<<<<<<<<<
[2024-02-01T20:22:32.020] [ERROR] default - {
  id: '0x68ccE7049013ca8df91CD512ceFEe8FC0bb8d926',
  block: 51500328,
  trade: 'multi',
  ticker: 'WMATIC/LINK',
  direction: 'B',
  tradeSize: '0.43976605217879600 WMATIC',
  loanPool: {
    exchange: 'APE',
    priceIn: '18.645507928241152632',
    priceOut: '0.053632220899992982',
    reservesIn: '950.270183961974049860 WMATIC',
    reservesOut: '50.965100420925560800 LINK',
    repaysObj: {
      direct: '0.44108535033533230 WMATIC',
      directInTokenOut: '0.2365638694493534 LINK',
      simpleMulti: '0.2365638694493534 LINK',
      getAmountsOut: '0.2351378825798641 LINK',
      getAmountsIn: '0.2365550183090908 LINK'
    },
    amountOut: '0.2351378825798641 LINK',
    amountOutToken0for1: '0.43832747492611030 WMATIC',
    amountRepay: '0.2351378825798641 LINK'
  },
  target: {
    exchange: 'SUSHI',
    priceIn: '18.476227717542402689',
    priceOut: '0.054123602246498725',
    reservesIn: '135.420295375001146050 WMATIC',
    reservesOut: '7.329434202979932900 LINK',
    amountOutToken0for1: '0.43422870985796190 WMATIC',
    amountOut: '0.2358030128207402 LINK'
  },
  result: {
    uniswapkPreT: '48430615352633413784195291639191497142962',
    uniswapkPosT: '48430621888311103705148909052595372910250',
    uniswapKPositive: true,
    profit: '0.6651302408761 LINK',
    profperc: '0.2820702894842733%'
  }
}
[2024-02-01T20:22:32.021] [ERROR] default - >>>>>>>>>>>>>>>>>>>>>>>>>>>>>>>>>>END TRADE DATA: WMATIC/LINK <<<<<<<<<<<<<<<<<<<<<<<<<<<<<<<<<<<<<<<<<<<<<<<<
[2024-02-01T20:22:32.021] [ERROR] default - >>>>>>>>>>>>>>>>>>>>>>>>>>>>>>>>>>ERROR DATA: WMATIC/LINK <<<<<<<<<<<<<<<<<<<<<<<<<<<<<<<<<<<<<<<<<<<<<<<<
[2024-02-01T20:22:32.021] [ERROR] default - Error: no matching fragment (operation="fragment", info={ "args": [ { "amount0In": 43976605217879598, "amount1Out": 2358030128207402, "amountToRepay": 2351378825798641, "loanFactory": "0xCf083Be4164828f00cAE704EC15a36D711491284", "loanRouter": "0xC0788A3aD43d79aa53B09c2EaCc313A787d1d607", "recipientRouter": "0x1b02dA8Cb0d097eB8D57A175b88c7D8b47997506", "token0ID": "0x0d500B1d8E8eF31E21C99d1Db9A6444d3ADf1270", "token1ID": "0x53E0bca35eC356BD5ddDFebbD1Fc0fD03FaBad39" } ], "key": "flashSwap" }, code=UNSUPPORTED_OPERATION, version=6.10.0)
    at makeError (/mnt/c/code/polybotv2/node_modules/ethers/src.ts/utils/errors.ts:694:21)
    at assert (/mnt/c/code/polybotv2/node_modules/ethers/src.ts/utils/errors.ts:715:25)
    at getFragment (/mnt/c/code/polybotv2/node_modules/ethers/src.ts/contract/contract.ts:270:15)
    at populateTransaction (/mnt/c/code/polybotv2/node_modules/ethers/src.ts/contract/contract.ts:278:26)
    at AsyncFunction.estimateGas (/mnt/c/code/polybotv2/node_modules/ethers/src.ts/contract/contract.ts:325:47)
    at fetchGasPrice (/mnt/c/code/polybotv2/scripts/v2/modules/fetchGasPrice.ts:44:55)
    at processTicksAndRejections (node:internal/process/task_queues:95:5)
    at async gasVprofit (/mnt/c/code/polybotv2/scripts/v2/modules/gasVprofit.ts:42:28)
    at async rollDamage (/mnt/c/code/polybotv2/scripts/v2/modules/damage.ts:60:30) {
  code: 'UNSUPPORTED_OPERATION',
  operation: 'fragment',
  info: { key: 'flashSwap', args: [ [Object] ] },
  shortMessage: 'no matching fragment'
}
[2024-02-01T20:22:32.022] [TRACE] default - TRACE:
[2024-02-01T20:22:32.022] [TRACE] default - Error: no matching fragment (operation="fragment", info={ "args": [ { "amount0In": 43976605217879598, "amount1Out": 2358030128207402, "amountToRepay": 2351378825798641, "loanFactory": "0xCf083Be4164828f00cAE704EC15a36D711491284", "loanRouter": "0xC0788A3aD43d79aa53B09c2EaCc313A787d1d607", "recipientRouter": "0x1b02dA8Cb0d097eB8D57A175b88c7D8b47997506", "token0ID": "0x0d500B1d8E8eF31E21C99d1Db9A6444d3ADf1270", "token1ID": "0x53E0bca35eC356BD5ddDFebbD1Fc0fD03FaBad39" } ], "key": "flashSwap" }, code=UNSUPPORTED_OPERATION, version=6.10.0)
    at makeError (/mnt/c/code/polybotv2/node_modules/ethers/src.ts/utils/errors.ts:694:21)
    at assert (/mnt/c/code/polybotv2/node_modules/ethers/src.ts/utils/errors.ts:715:25)
    at getFragment (/mnt/c/code/polybotv2/node_modules/ethers/src.ts/contract/contract.ts:270:15)
    at populateTransaction (/mnt/c/code/polybotv2/node_modules/ethers/src.ts/contract/contract.ts:278:26)
    at AsyncFunction.estimateGas (/mnt/c/code/polybotv2/node_modules/ethers/src.ts/contract/contract.ts:325:47)
    at fetchGasPrice (/mnt/c/code/polybotv2/scripts/v2/modules/fetchGasPrice.ts:44:55)
    at processTicksAndRejections (node:internal/process/task_queues:95:5)
    at async gasVprofit (/mnt/c/code/polybotv2/scripts/v2/modules/gasVprofit.ts:42:28)
    at async rollDamage (/mnt/c/code/polybotv2/scripts/v2/modules/damage.ts:60:30) {
  code: 'UNSUPPORTED_OPERATION',
  operation: 'fragment',
  info: { key: 'flashSwap', args: [ [Object] ] },
  shortMessage: 'no matching fragment'
}
[2024-02-01T20:22:32.022] [ERROR] default - >>>>>>>>>>>>>>>>>>>>>>>>>>>>>>>>>>END ERROR DATA: WMATIC/LINK <<<<<<<<<<<<<<<<<<<<<<<<<<<<<<<<<<<<<<<<<<<<<<<<
[2024-02-01T20:22:32.023] [ERROR] default - >>>>>>>>>>>>>>>>>>>>>>>>>>Error in fetchGasPrice for trade: WMATIC/LINK <<<<<<<<<<<<<<<<<<<<<<<<<<<<<<<<<<<<<<<
[2024-02-01T20:22:32.023] [INFO] default - undefined
[2024-02-01T20:22:35.169] [INFO] default - New block received: Block # 51500329
[2024-02-01T20:22:35.170] [INFO] default - New block received: Block # 51500330
[2024-02-01T20:22:38.304] [ERROR] default - >>>>>>>>>>>>>>>>>>>>>>>>>>Error in fetchGasPrice for trade: WMATIC/LINK <<<<<<<<<<<<<<<<<<<<<<<<<<<<<<<<<<<<<<<
[2024-02-01T20:22:38.305] [ERROR] default - >>>>>>>>>>>>>>>>>>>>>>>>>>>>>>>>>>TRADE DATA: WMATIC/LINK <<<<<<<<<<<<<<<<<<<<<<<<<<<<<<<<<<<<<<<<<<<<<<<<
[2024-02-01T20:22:38.305] [ERROR] default - {
  id: '0x68ccE7049013ca8df91CD512ceFEe8FC0bb8d926',
  block: 51500331,
  trade: 'multi',
  ticker: 'WMATIC/LINK',
  direction: 'B',
  tradeSize: '0.43976605217879600 WMATIC',
  loanPool: {
    exchange: 'APE',
    priceIn: '18.645507928241152632',
    priceOut: '0.053632220899992982',
    reservesIn: '950.270183961974049860 WMATIC',
    reservesOut: '50.965100420925560800 LINK',
    repaysObj: {
      direct: '0.44108535033533230 WMATIC',
      directInTokenOut: '0.2365638694493534 LINK',
      simpleMulti: '0.2365638694493534 LINK',
      getAmountsOut: '0.2351378825798641 LINK',
      getAmountsIn: '0.2365550183090908 LINK'
    },
    amountOut: '0.2351378825798641 LINK',
    amountOutToken0for1: '0.43832747492611030 WMATIC',
    amountRepay: '0.2351378825798641 LINK'
  },
  target: {
    exchange: 'SUSHI',
    priceIn: '18.476227717542402689',
    priceOut: '0.054123602246498725',
    reservesIn: '135.420295375001146050 WMATIC',
    reservesOut: '7.329434202979932900 LINK',
    amountOutToken0for1: '0.43422870985796190 WMATIC',
    amountOut: '0.2358030128207402 LINK'
  },
  result: {
    uniswapkPreT: '48430615352633413784195291639191497142962',
    uniswapkPosT: '48430621888311103705148909052595372910250',
    uniswapKPositive: true,
    profit: '0.6651302408761 LINK',
    profperc: '0.2820702894842733%'
  }
}
[2024-02-01T20:22:38.305] [ERROR] default - >>>>>>>>>>>>>>>>>>>>>>>>>>>>>>>>>>END TRADE DATA: WMATIC/LINK <<<<<<<<<<<<<<<<<<<<<<<<<<<<<<<<<<<<<<<<<<<<<<<<
[2024-02-01T20:22:38.305] [ERROR] default - >>>>>>>>>>>>>>>>>>>>>>>>>>>>>>>>>>ERROR DATA: WMATIC/LINK <<<<<<<<<<<<<<<<<<<<<<<<<<<<<<<<<<<<<<<<<<<<<<<<
[2024-02-01T20:22:38.306] [ERROR] default - Error: no matching fragment (operation="fragment", info={ "args": [ { "amount0In": 43976605217879598, "amount1Out": 2358030128207402, "amountToRepay": 2351378825798641, "loanFactory": "0xCf083Be4164828f00cAE704EC15a36D711491284", "loanRouter": "0xC0788A3aD43d79aa53B09c2EaCc313A787d1d607", "recipientRouter": "0x1b02dA8Cb0d097eB8D57A175b88c7D8b47997506", "token0ID": "0x0d500B1d8E8eF31E21C99d1Db9A6444d3ADf1270", "token1ID": "0x53E0bca35eC356BD5ddDFebbD1Fc0fD03FaBad39" } ], "key": "flashSwap" }, code=UNSUPPORTED_OPERATION, version=6.10.0)
    at makeError (/mnt/c/code/polybotv2/node_modules/ethers/src.ts/utils/errors.ts:694:21)
    at assert (/mnt/c/code/polybotv2/node_modules/ethers/src.ts/utils/errors.ts:715:25)
    at getFragment (/mnt/c/code/polybotv2/node_modules/ethers/src.ts/contract/contract.ts:270:15)
    at populateTransaction (/mnt/c/code/polybotv2/node_modules/ethers/src.ts/contract/contract.ts:278:26)
    at AsyncFunction.estimateGas (/mnt/c/code/polybotv2/node_modules/ethers/src.ts/contract/contract.ts:325:47)
    at fetchGasPrice (/mnt/c/code/polybotv2/scripts/v2/modules/fetchGasPrice.ts:44:55)
    at processTicksAndRejections (node:internal/process/task_queues:95:5)
    at async gasVprofit (/mnt/c/code/polybotv2/scripts/v2/modules/gasVprofit.ts:42:28)
    at async rollDamage (/mnt/c/code/polybotv2/scripts/v2/modules/damage.ts:60:30) {
  code: 'UNSUPPORTED_OPERATION',
  operation: 'fragment',
  info: { key: 'flashSwap', args: [ [Object] ] },
  shortMessage: 'no matching fragment'
}
[2024-02-01T20:22:38.306] [TRACE] default - TRACE:
[2024-02-01T20:22:38.307] [TRACE] default - Error: no matching fragment (operation="fragment", info={ "args": [ { "amount0In": 43976605217879598, "amount1Out": 2358030128207402, "amountToRepay": 2351378825798641, "loanFactory": "0xCf083Be4164828f00cAE704EC15a36D711491284", "loanRouter": "0xC0788A3aD43d79aa53B09c2EaCc313A787d1d607", "recipientRouter": "0x1b02dA8Cb0d097eB8D57A175b88c7D8b47997506", "token0ID": "0x0d500B1d8E8eF31E21C99d1Db9A6444d3ADf1270", "token1ID": "0x53E0bca35eC356BD5ddDFebbD1Fc0fD03FaBad39" } ], "key": "flashSwap" }, code=UNSUPPORTED_OPERATION, version=6.10.0)
    at makeError (/mnt/c/code/polybotv2/node_modules/ethers/src.ts/utils/errors.ts:694:21)
    at assert (/mnt/c/code/polybotv2/node_modules/ethers/src.ts/utils/errors.ts:715:25)
    at getFragment (/mnt/c/code/polybotv2/node_modules/ethers/src.ts/contract/contract.ts:270:15)
    at populateTransaction (/mnt/c/code/polybotv2/node_modules/ethers/src.ts/contract/contract.ts:278:26)
    at AsyncFunction.estimateGas (/mnt/c/code/polybotv2/node_modules/ethers/src.ts/contract/contract.ts:325:47)
    at fetchGasPrice (/mnt/c/code/polybotv2/scripts/v2/modules/fetchGasPrice.ts:44:55)
    at processTicksAndRejections (node:internal/process/task_queues:95:5)
    at async gasVprofit (/mnt/c/code/polybotv2/scripts/v2/modules/gasVprofit.ts:42:28)
    at async rollDamage (/mnt/c/code/polybotv2/scripts/v2/modules/damage.ts:60:30) {
  code: 'UNSUPPORTED_OPERATION',
  operation: 'fragment',
  info: { key: 'flashSwap', args: [ [Object] ] },
  shortMessage: 'no matching fragment'
}
[2024-02-01T20:22:38.307] [ERROR] default - >>>>>>>>>>>>>>>>>>>>>>>>>>>>>>>>>>END ERROR DATA: WMATIC/LINK <<<<<<<<<<<<<<<<<<<<<<<<<<<<<<<<<<<<<<<<<<<<<<<<
[2024-02-01T20:22:38.308] [ERROR] default - >>>>>>>>>>>>>>>>>>>>>>>>>>Error in fetchGasPrice for trade: WMATIC/LINK <<<<<<<<<<<<<<<<<<<<<<<<<<<<<<<<<<<<<<<
[2024-02-01T20:22:38.308] [INFO] default - undefined
[2024-02-01T20:22:38.308] [ERROR] default - >>>>>>>>>>>>>>>>>>>>>>>>>>Error in fetchGasPrice for trade: WMATIC/LINK <<<<<<<<<<<<<<<<<<<<<<<<<<<<<<<<<<<<<<<
[2024-02-01T20:22:38.308] [ERROR] default - >>>>>>>>>>>>>>>>>>>>>>>>>>>>>>>>>>TRADE DATA: WMATIC/LINK <<<<<<<<<<<<<<<<<<<<<<<<<<<<<<<<<<<<<<<<<<<<<<<<
[2024-02-01T20:22:38.309] [ERROR] default - {
  id: '0x68ccE7049013ca8df91CD512ceFEe8FC0bb8d926',
  block: 51500331,
  trade: 'multi',
  ticker: 'WMATIC/LINK',
  direction: 'B',
  tradeSize: '0.43976605217879600 WMATIC',
  loanPool: {
    exchange: 'APE',
    priceIn: '18.645507928241152632',
    priceOut: '0.053632220899992982',
    reservesIn: '950.270183961974049860 WMATIC',
    reservesOut: '50.965100420925560800 LINK',
    repaysObj: {
      direct: '0.44108535033533230 WMATIC',
      directInTokenOut: '0.2365638694493534 LINK',
      simpleMulti: '0.2365638694493534 LINK',
      getAmountsOut: '0.2351378825798641 LINK',
      getAmountsIn: '0.2365550183090908 LINK'
    },
    amountOut: '0.2351378825798641 LINK',
    amountOutToken0for1: '0.43832747492611030 WMATIC',
    amountRepay: '0.2351378825798641 LINK'
  },
  target: {
    exchange: 'SUSHI',
    priceIn: '18.476227717542402689',
    priceOut: '0.054123602246498725',
    reservesIn: '135.420295375001146050 WMATIC',
    reservesOut: '7.329434202979932900 LINK',
    amountOutToken0for1: '0.43422870985796190 WMATIC',
    amountOut: '0.2358030128207402 LINK'
  },
  result: {
    uniswapkPreT: '48430615352633413784195291639191497142962',
    uniswapkPosT: '48430621888311103705148909052595372910250',
    uniswapKPositive: true,
    profit: '0.6651302408761 LINK',
    profperc: '0.2820702894842733%'
  }
}
[2024-02-01T20:22:38.309] [ERROR] default - >>>>>>>>>>>>>>>>>>>>>>>>>>>>>>>>>>END TRADE DATA: WMATIC/LINK <<<<<<<<<<<<<<<<<<<<<<<<<<<<<<<<<<<<<<<<<<<<<<<<
[2024-02-01T20:22:38.309] [ERROR] default - >>>>>>>>>>>>>>>>>>>>>>>>>>>>>>>>>>ERROR DATA: WMATIC/LINK <<<<<<<<<<<<<<<<<<<<<<<<<<<<<<<<<<<<<<<<<<<<<<<<
[2024-02-01T20:22:38.309] [ERROR] default - Error: no matching fragment (operation="fragment", info={ "args": [ { "amount0In": 43976605217879598, "amount1Out": 2358030128207402, "amountToRepay": 2351378825798641, "loanFactory": "0xCf083Be4164828f00cAE704EC15a36D711491284", "loanRouter": "0xC0788A3aD43d79aa53B09c2EaCc313A787d1d607", "recipientRouter": "0x1b02dA8Cb0d097eB8D57A175b88c7D8b47997506", "token0ID": "0x0d500B1d8E8eF31E21C99d1Db9A6444d3ADf1270", "token1ID": "0x53E0bca35eC356BD5ddDFebbD1Fc0fD03FaBad39" } ], "key": "flashSwap" }, code=UNSUPPORTED_OPERATION, version=6.10.0)
    at makeError (/mnt/c/code/polybotv2/node_modules/ethers/src.ts/utils/errors.ts:694:21)
    at assert (/mnt/c/code/polybotv2/node_modules/ethers/src.ts/utils/errors.ts:715:25)
    at getFragment (/mnt/c/code/polybotv2/node_modules/ethers/src.ts/contract/contract.ts:270:15)
    at populateTransaction (/mnt/c/code/polybotv2/node_modules/ethers/src.ts/contract/contract.ts:278:26)
    at AsyncFunction.estimateGas (/mnt/c/code/polybotv2/node_modules/ethers/src.ts/contract/contract.ts:325:47)
    at fetchGasPrice (/mnt/c/code/polybotv2/scripts/v2/modules/fetchGasPrice.ts:44:55)
    at processTicksAndRejections (node:internal/process/task_queues:95:5)
    at async gasVprofit (/mnt/c/code/polybotv2/scripts/v2/modules/gasVprofit.ts:42:28)
    at async rollDamage (/mnt/c/code/polybotv2/scripts/v2/modules/damage.ts:60:30) {
  code: 'UNSUPPORTED_OPERATION',
  operation: 'fragment',
  info: { key: 'flashSwap', args: [ [Object] ] },
  shortMessage: 'no matching fragment'
}
[2024-02-01T20:22:38.310] [TRACE] default - TRACE:
[2024-02-01T20:22:38.311] [TRACE] default - Error: no matching fragment (operation="fragment", info={ "args": [ { "amount0In": 43976605217879598, "amount1Out": 2358030128207402, "amountToRepay": 2351378825798641, "loanFactory": "0xCf083Be4164828f00cAE704EC15a36D711491284", "loanRouter": "0xC0788A3aD43d79aa53B09c2EaCc313A787d1d607", "recipientRouter": "0x1b02dA8Cb0d097eB8D57A175b88c7D8b47997506", "token0ID": "0x0d500B1d8E8eF31E21C99d1Db9A6444d3ADf1270", "token1ID": "0x53E0bca35eC356BD5ddDFebbD1Fc0fD03FaBad39" } ], "key": "flashSwap" }, code=UNSUPPORTED_OPERATION, version=6.10.0)
    at makeError (/mnt/c/code/polybotv2/node_modules/ethers/src.ts/utils/errors.ts:694:21)
    at assert (/mnt/c/code/polybotv2/node_modules/ethers/src.ts/utils/errors.ts:715:25)
    at getFragment (/mnt/c/code/polybotv2/node_modules/ethers/src.ts/contract/contract.ts:270:15)
    at populateTransaction (/mnt/c/code/polybotv2/node_modules/ethers/src.ts/contract/contract.ts:278:26)
    at AsyncFunction.estimateGas (/mnt/c/code/polybotv2/node_modules/ethers/src.ts/contract/contract.ts:325:47)
    at fetchGasPrice (/mnt/c/code/polybotv2/scripts/v2/modules/fetchGasPrice.ts:44:55)
    at processTicksAndRejections (node:internal/process/task_queues:95:5)
    at async gasVprofit (/mnt/c/code/polybotv2/scripts/v2/modules/gasVprofit.ts:42:28)
    at async rollDamage (/mnt/c/code/polybotv2/scripts/v2/modules/damage.ts:60:30) {
  code: 'UNSUPPORTED_OPERATION',
  operation: 'fragment',
  info: { key: 'flashSwap', args: [ [Object] ] },
  shortMessage: 'no matching fragment'
}
[2024-02-01T20:22:38.311] [ERROR] default - >>>>>>>>>>>>>>>>>>>>>>>>>>>>>>>>>>END ERROR DATA: WMATIC/LINK <<<<<<<<<<<<<<<<<<<<<<<<<<<<<<<<<<<<<<<<<<<<<<<<
[2024-02-01T20:22:38.312] [ERROR] default - >>>>>>>>>>>>>>>>>>>>>>>>>>Error in fetchGasPrice for trade: WMATIC/LINK <<<<<<<<<<<<<<<<<<<<<<<<<<<<<<<<<<<<<<<
[2024-02-01T20:22:38.312] [INFO] default - undefined
[2024-02-01T20:22:39.770] [INFO] default - New block received: Block # 51500331
[2024-02-01T20:22:39.771] [INFO] default - New block received: Block # 51500332
[2024-02-01T20:22:43.403] [ERROR] default - >>>>>>>>>>>>>>>>>>>>>>>>>>Error in fetchGasPrice for trade: WMATIC/LINK <<<<<<<<<<<<<<<<<<<<<<<<<<<<<<<<<<<<<<<
[2024-02-01T20:22:43.403] [ERROR] default - >>>>>>>>>>>>>>>>>>>>>>>>>>>>>>>>>>TRADE DATA: WMATIC/LINK <<<<<<<<<<<<<<<<<<<<<<<<<<<<<<<<<<<<<<<<<<<<<<<<
[2024-02-01T20:22:43.404] [ERROR] default - {
  id: '0x68ccE7049013ca8df91CD512ceFEe8FC0bb8d926',
  block: 51500333,
  trade: 'multi',
  ticker: 'WMATIC/LINK',
  direction: 'B',
  tradeSize: '0.43976605217879600 WMATIC',
  loanPool: {
    exchange: 'APE',
    priceIn: '18.645507928241152632',
    priceOut: '0.053632220899992982',
    reservesIn: '950.270183961974049860 WMATIC',
    reservesOut: '50.965100420925560800 LINK',
    repaysObj: {
      direct: '0.44108535033533230 WMATIC',
      directInTokenOut: '0.2365638694493534 LINK',
      simpleMulti: '0.2365638694493534 LINK',
      getAmountsOut: '0.2351378825798641 LINK',
      getAmountsIn: '0.2365550183090908 LINK'
    },
    amountOut: '0.2351378825798641 LINK',
    amountOutToken0for1: '0.43832747492611030 WMATIC',
    amountRepay: '0.2351378825798641 LINK'
  },
  target: {
    exchange: 'SUSHI',
    priceIn: '18.476227717542402689',
    priceOut: '0.054123602246498725',
    reservesIn: '135.420295375001146050 WMATIC',
    reservesOut: '7.329434202979932900 LINK',
    amountOutToken0for1: '0.43422870985796190 WMATIC',
    amountOut: '0.2358030128207402 LINK'
  },
  result: {
    uniswapkPreT: '48430615352633413784195291639191497142962',
    uniswapkPosT: '48430621888311103705148909052595372910250',
    uniswapKPositive: true,
    profit: '0.6651302408761 LINK',
    profperc: '0.2820702894842733%'
  }
}
[2024-02-01T20:22:43.404] [ERROR] default - >>>>>>>>>>>>>>>>>>>>>>>>>>>>>>>>>>END TRADE DATA: WMATIC/LINK <<<<<<<<<<<<<<<<<<<<<<<<<<<<<<<<<<<<<<<<<<<<<<<<
[2024-02-01T20:22:43.404] [ERROR] default - >>>>>>>>>>>>>>>>>>>>>>>>>>>>>>>>>>ERROR DATA: WMATIC/LINK <<<<<<<<<<<<<<<<<<<<<<<<<<<<<<<<<<<<<<<<<<<<<<<<
[2024-02-01T20:22:43.405] [ERROR] default - Error: no matching fragment (operation="fragment", info={ "args": [ { "amount0In": 43976605217879598, "amount1Out": 2358030128207402, "amountToRepay": 2351378825798641, "loanFactory": "0xCf083Be4164828f00cAE704EC15a36D711491284", "loanRouter": "0xC0788A3aD43d79aa53B09c2EaCc313A787d1d607", "recipientRouter": "0x1b02dA8Cb0d097eB8D57A175b88c7D8b47997506", "token0ID": "0x0d500B1d8E8eF31E21C99d1Db9A6444d3ADf1270", "token1ID": "0x53E0bca35eC356BD5ddDFebbD1Fc0fD03FaBad39" } ], "key": "flashSwap" }, code=UNSUPPORTED_OPERATION, version=6.10.0)
    at makeError (/mnt/c/code/polybotv2/node_modules/ethers/src.ts/utils/errors.ts:694:21)
    at assert (/mnt/c/code/polybotv2/node_modules/ethers/src.ts/utils/errors.ts:715:25)
    at getFragment (/mnt/c/code/polybotv2/node_modules/ethers/src.ts/contract/contract.ts:270:15)
    at populateTransaction (/mnt/c/code/polybotv2/node_modules/ethers/src.ts/contract/contract.ts:278:26)
    at AsyncFunction.estimateGas (/mnt/c/code/polybotv2/node_modules/ethers/src.ts/contract/contract.ts:325:47)
    at fetchGasPrice (/mnt/c/code/polybotv2/scripts/v2/modules/fetchGasPrice.ts:44:55)
    at processTicksAndRejections (node:internal/process/task_queues:95:5)
    at async gasVprofit (/mnt/c/code/polybotv2/scripts/v2/modules/gasVprofit.ts:42:28)
    at async rollDamage (/mnt/c/code/polybotv2/scripts/v2/modules/damage.ts:60:30) {
  code: 'UNSUPPORTED_OPERATION',
  operation: 'fragment',
  info: { key: 'flashSwap', args: [ [Object] ] },
  shortMessage: 'no matching fragment'
}
[2024-02-01T20:22:43.406] [TRACE] default - TRACE:
[2024-02-01T20:22:43.406] [TRACE] default - Error: no matching fragment (operation="fragment", info={ "args": [ { "amount0In": 43976605217879598, "amount1Out": 2358030128207402, "amountToRepay": 2351378825798641, "loanFactory": "0xCf083Be4164828f00cAE704EC15a36D711491284", "loanRouter": "0xC0788A3aD43d79aa53B09c2EaCc313A787d1d607", "recipientRouter": "0x1b02dA8Cb0d097eB8D57A175b88c7D8b47997506", "token0ID": "0x0d500B1d8E8eF31E21C99d1Db9A6444d3ADf1270", "token1ID": "0x53E0bca35eC356BD5ddDFebbD1Fc0fD03FaBad39" } ], "key": "flashSwap" }, code=UNSUPPORTED_OPERATION, version=6.10.0)
    at makeError (/mnt/c/code/polybotv2/node_modules/ethers/src.ts/utils/errors.ts:694:21)
    at assert (/mnt/c/code/polybotv2/node_modules/ethers/src.ts/utils/errors.ts:715:25)
    at getFragment (/mnt/c/code/polybotv2/node_modules/ethers/src.ts/contract/contract.ts:270:15)
    at populateTransaction (/mnt/c/code/polybotv2/node_modules/ethers/src.ts/contract/contract.ts:278:26)
    at AsyncFunction.estimateGas (/mnt/c/code/polybotv2/node_modules/ethers/src.ts/contract/contract.ts:325:47)
    at fetchGasPrice (/mnt/c/code/polybotv2/scripts/v2/modules/fetchGasPrice.ts:44:55)
    at processTicksAndRejections (node:internal/process/task_queues:95:5)
    at async gasVprofit (/mnt/c/code/polybotv2/scripts/v2/modules/gasVprofit.ts:42:28)
    at async rollDamage (/mnt/c/code/polybotv2/scripts/v2/modules/damage.ts:60:30) {
  code: 'UNSUPPORTED_OPERATION',
  operation: 'fragment',
  info: { key: 'flashSwap', args: [ [Object] ] },
  shortMessage: 'no matching fragment'
}
[2024-02-01T20:22:43.406] [ERROR] default - >>>>>>>>>>>>>>>>>>>>>>>>>>>>>>>>>>END ERROR DATA: WMATIC/LINK <<<<<<<<<<<<<<<<<<<<<<<<<<<<<<<<<<<<<<<<<<<<<<<<
[2024-02-01T20:22:43.407] [ERROR] default - >>>>>>>>>>>>>>>>>>>>>>>>>>Error in fetchGasPrice for trade: WMATIC/LINK <<<<<<<<<<<<<<<<<<<<<<<<<<<<<<<<<<<<<<<
[2024-02-01T20:22:43.407] [INFO] default - undefined
[2024-02-01T20:22:43.407] [ERROR] default - >>>>>>>>>>>>>>>>>>>>>>>>>>Error in fetchGasPrice for trade: WMATIC/LINK <<<<<<<<<<<<<<<<<<<<<<<<<<<<<<<<<<<<<<<
[2024-02-01T20:22:43.407] [ERROR] default - >>>>>>>>>>>>>>>>>>>>>>>>>>>>>>>>>>TRADE DATA: WMATIC/LINK <<<<<<<<<<<<<<<<<<<<<<<<<<<<<<<<<<<<<<<<<<<<<<<<
[2024-02-01T20:22:43.408] [ERROR] default - {
  id: '0x68ccE7049013ca8df91CD512ceFEe8FC0bb8d926',
  block: 51500333,
  trade: 'multi',
  ticker: 'WMATIC/LINK',
  direction: 'B',
  tradeSize: '0.43976605217879600 WMATIC',
  loanPool: {
    exchange: 'APE',
    priceIn: '18.645507928241152632',
    priceOut: '0.053632220899992982',
    reservesIn: '950.270183961974049860 WMATIC',
    reservesOut: '50.965100420925560800 LINK',
    repaysObj: {
      direct: '0.44108535033533230 WMATIC',
      directInTokenOut: '0.2365638694493534 LINK',
      simpleMulti: '0.2365638694493534 LINK',
      getAmountsOut: '0.2351378825798641 LINK',
      getAmountsIn: '0.2365550183090908 LINK'
    },
    amountOut: '0.2351378825798641 LINK',
    amountOutToken0for1: '0.43832747492611030 WMATIC',
    amountRepay: '0.2351378825798641 LINK'
  },
  target: {
    exchange: 'SUSHI',
    priceIn: '18.476227717542402689',
    priceOut: '0.054123602246498725',
    reservesIn: '135.420295375001146050 WMATIC',
    reservesOut: '7.329434202979932900 LINK',
    amountOutToken0for1: '0.43422870985796190 WMATIC',
    amountOut: '0.2358030128207402 LINK'
  },
  result: {
    uniswapkPreT: '48430615352633413784195291639191497142962',
    uniswapkPosT: '48430621888311103705148909052595372910250',
    uniswapKPositive: true,
    profit: '0.6651302408761 LINK',
    profperc: '0.2820702894842733%'
  }
}
[2024-02-01T20:22:43.408] [ERROR] default - >>>>>>>>>>>>>>>>>>>>>>>>>>>>>>>>>>END TRADE DATA: WMATIC/LINK <<<<<<<<<<<<<<<<<<<<<<<<<<<<<<<<<<<<<<<<<<<<<<<<
[2024-02-01T20:22:43.408] [ERROR] default - >>>>>>>>>>>>>>>>>>>>>>>>>>>>>>>>>>ERROR DATA: WMATIC/LINK <<<<<<<<<<<<<<<<<<<<<<<<<<<<<<<<<<<<<<<<<<<<<<<<
[2024-02-01T20:22:43.408] [ERROR] default - Error: no matching fragment (operation="fragment", info={ "args": [ { "amount0In": 43976605217879598, "amount1Out": 2358030128207402, "amountToRepay": 2351378825798641, "loanFactory": "0xCf083Be4164828f00cAE704EC15a36D711491284", "loanRouter": "0xC0788A3aD43d79aa53B09c2EaCc313A787d1d607", "recipientRouter": "0x1b02dA8Cb0d097eB8D57A175b88c7D8b47997506", "token0ID": "0x0d500B1d8E8eF31E21C99d1Db9A6444d3ADf1270", "token1ID": "0x53E0bca35eC356BD5ddDFebbD1Fc0fD03FaBad39" } ], "key": "flashSwap" }, code=UNSUPPORTED_OPERATION, version=6.10.0)
    at makeError (/mnt/c/code/polybotv2/node_modules/ethers/src.ts/utils/errors.ts:694:21)
    at assert (/mnt/c/code/polybotv2/node_modules/ethers/src.ts/utils/errors.ts:715:25)
    at getFragment (/mnt/c/code/polybotv2/node_modules/ethers/src.ts/contract/contract.ts:270:15)
    at populateTransaction (/mnt/c/code/polybotv2/node_modules/ethers/src.ts/contract/contract.ts:278:26)
    at AsyncFunction.estimateGas (/mnt/c/code/polybotv2/node_modules/ethers/src.ts/contract/contract.ts:325:47)
    at fetchGasPrice (/mnt/c/code/polybotv2/scripts/v2/modules/fetchGasPrice.ts:44:55)
    at processTicksAndRejections (node:internal/process/task_queues:95:5)
    at async gasVprofit (/mnt/c/code/polybotv2/scripts/v2/modules/gasVprofit.ts:42:28)
    at async rollDamage (/mnt/c/code/polybotv2/scripts/v2/modules/damage.ts:60:30) {
  code: 'UNSUPPORTED_OPERATION',
  operation: 'fragment',
  info: { key: 'flashSwap', args: [ [Object] ] },
  shortMessage: 'no matching fragment'
}
[2024-02-01T20:22:43.409] [TRACE] default - TRACE:
[2024-02-01T20:22:43.409] [TRACE] default - Error: no matching fragment (operation="fragment", info={ "args": [ { "amount0In": 43976605217879598, "amount1Out": 2358030128207402, "amountToRepay": 2351378825798641, "loanFactory": "0xCf083Be4164828f00cAE704EC15a36D711491284", "loanRouter": "0xC0788A3aD43d79aa53B09c2EaCc313A787d1d607", "recipientRouter": "0x1b02dA8Cb0d097eB8D57A175b88c7D8b47997506", "token0ID": "0x0d500B1d8E8eF31E21C99d1Db9A6444d3ADf1270", "token1ID": "0x53E0bca35eC356BD5ddDFebbD1Fc0fD03FaBad39" } ], "key": "flashSwap" }, code=UNSUPPORTED_OPERATION, version=6.10.0)
    at makeError (/mnt/c/code/polybotv2/node_modules/ethers/src.ts/utils/errors.ts:694:21)
    at assert (/mnt/c/code/polybotv2/node_modules/ethers/src.ts/utils/errors.ts:715:25)
    at getFragment (/mnt/c/code/polybotv2/node_modules/ethers/src.ts/contract/contract.ts:270:15)
    at populateTransaction (/mnt/c/code/polybotv2/node_modules/ethers/src.ts/contract/contract.ts:278:26)
    at AsyncFunction.estimateGas (/mnt/c/code/polybotv2/node_modules/ethers/src.ts/contract/contract.ts:325:47)
    at fetchGasPrice (/mnt/c/code/polybotv2/scripts/v2/modules/fetchGasPrice.ts:44:55)
    at processTicksAndRejections (node:internal/process/task_queues:95:5)
    at async gasVprofit (/mnt/c/code/polybotv2/scripts/v2/modules/gasVprofit.ts:42:28)
    at async rollDamage (/mnt/c/code/polybotv2/scripts/v2/modules/damage.ts:60:30) {
  code: 'UNSUPPORTED_OPERATION',
  operation: 'fragment',
  info: { key: 'flashSwap', args: [ [Object] ] },
  shortMessage: 'no matching fragment'
}
[2024-02-01T20:22:43.410] [ERROR] default - >>>>>>>>>>>>>>>>>>>>>>>>>>>>>>>>>>END ERROR DATA: WMATIC/LINK <<<<<<<<<<<<<<<<<<<<<<<<<<<<<<<<<<<<<<<<<<<<<<<<
[2024-02-01T20:22:43.410] [ERROR] default - >>>>>>>>>>>>>>>>>>>>>>>>>>Error in fetchGasPrice for trade: WMATIC/LINK <<<<<<<<<<<<<<<<<<<<<<<<<<<<<<<<<<<<<<<
[2024-02-01T20:22:43.410] [INFO] default - undefined
[2024-02-01T20:22:44.094] [INFO] default - New block received: Block # 51500333
[2024-02-01T20:22:44.097] [INFO] default - New block received: Block # 51500334
[2024-02-01T20:22:48.632] [INFO] default - New block received: Block # 51500335
[2024-02-01T20:22:48.634] [INFO] default - New block received: Block # 51500336
[2024-02-01T22:00:16.435] [ERROR] default - TELEGRAM ERROR [telegramInfo()]: ETELEGRAM: 404 Not Found
[2024-02-01T22:01:38.947] [ERROR] default - TELEGRAM ERROR [telegramInfo()]: ETELEGRAM: 404 Not Found
[2024-02-01T22:08:37.232] [ERROR] default - TELEGRAM ERROR [telegramInfo()]: ETELEGRAM: 404 Not Found
[2024-02-01T22:10:22.182] [ERROR] default - TELEGRAM ERROR [telegramInfo()]: ETELEGRAM: 404 Not Found
[2024-02-01T22:11:25.717] [ERROR] default - TELEGRAM ERROR [telegramInfo()]: ETELEGRAM: 404 Not Found
