

>>>>>>>>>>>>>>>>>>>>> (hardhat.config.ts) process.env.NODE_ENV: test 
Started HTTP and WebSocket JSON-RPC server at http://127.0.0.1:8545/

Accounts
========

WARNING: These accounts, and their private keys, are publicly known.
Any funds sent to them on Mainnet or any other live network WILL BE LOST.

Account #0: 0xf39Fd6e51aad88F6F4ce6aB8827279cffFb92266 (10000 ETH)
Private Key: 0xYOURKEYHERE

Account #1: 0x70997970C51812dc3A010C7d01b50e0d17dc79C8 (10000 ETH)
Private Key: 0xYOURKEYHERE

Account #2: 0x3C44CdDdB6a900fa2b585dd299e03d12FA4293BC (10000 ETH)
Private Key: 0xYOURKEYHERE

Account #3: 0x90F79bf6EB2c4f870365E785982E1f101E93b906 (10000 ETH)
Private Key: 0xYOURKEYHERE

Account #4: 0x15d34AAf54267DB7D7c367839AAf71A00a2C6A65 (10000 ETH)
Private Key: 0xYOURKEYHERE

Account #5: 0x9965507D1a55bcC2695C58ba16FB37d819B0A4dc (10000 ETH)
Private Key: 0xYOURKEYHERE

Account #6: 0x976EA74026E726554dB657fA54763abd0C3a0aa9 (10000 ETH)
Private Key: 0xYOURKEYHERE

Account #7: 0x14dC79964da2C08b23698B3D3cc7Ca32193d9955 (10000 ETH)
Private Key: 0xYOURKEYHERE

Account #8: 0x23618e81E3f5cdF7f54C3d65f7FBc0aBf5B21E8f (10000 ETH)
Private Key: 0xYOURKEYHERE

Account #9: 0xa0Ee7A142d267C1f36714E4a8F75612F20a79720 (10000 ETH)
Private Key: 0xYOURKEYHERE

Account #10: 0xBcd4042DE499D14e55001CcbB24a551F3b954096 (10000 ETH)
Private Key: 0xYOURKEYHERE

Account #11: 0x71bE63f3384f5fb98995898A86B02Fb2426c5788 (10000 ETH)
Private Key: 0xYOURKEYHERE

Account #12: 0xFABB0ac9d68B0B445fB7357272Ff202C5651694a (10000 ETH)
Private Key: 0xYOURKEYHERE

Account #13: 0x1CBd3b2770909D4e10f157cABC84C7264073C9Ec (10000 ETH)
Private Key: 0xYOURKEYHERE

Account #14: 0xdF3e18d64BC6A983f673Ab319CCaE4f1a57C7097 (10000 ETH)
Private Key: 0xYOURKEYHERE

Account #15: 0xcd3B766CCDd6AE721141F452C550Ca635964ce71 (10000 ETH)
Private Key: 0xYOURKEYHERE

Account #16: 0x2546BcD3c84621e976D8185a91A922aE77ECEc30 (10000 ETH)
Private Key: 0xYOURKEYHERE

Account #17: 0xbDA5747bFD65F08deb54cb465eB87D40e51B197E (10000 ETH)
Private Key: 0xYOURKEYHERE

Account #18: 0xdD2FD4581271e230360230F9337D5c0430Bf44C0 (10000 ETH)
Private Key: 0xYOURKEYHERE

Account #19: 0x8626f6940E2eb28930eFb4CeF49B2d1F2C9C1199 (10000 ETH)
Private Key: 0xYOURKEYHERE

WARNING: These accounts, and their private keys, are publicly known.
Any funds sent to them on Mainnet or any other live network WILL BE LOST.

Mined empty block #53054773 with base fee 2899360517
Mined empty block range #53054773 to #53054774
Mined empty block range #53054773 to #53054775
Mined empty block range #53054773 to #53054776
eth_chainId
eth_getBlockByNumber
eth_getBalance
eth_blockNumber
eth_getTransactionCount
eth_gasPrice
eth_maxPriorityFeePerGas - Method not supported
eth_estimateGas
eth_sendRawTransaction
  Contract deployment: flashMultiTest
  Contract address:    0xe28a1b108b07c9cfa4636165ee7ca3927ee17797
  Transaction:         0xYOURKEYHERE
  From:                0xf39fd6e51aad88f6f4ce6ab8827279cfffb92266
  Value:               0 ETH
  Gas used:            2071515 of 2071515
  Block #53054777:     0xYOURKEYHERE

eth_getTransactionReceipt
Mined empty block #53054778 with base fee 1516446645
eth_getBlockByNumber
Mined empty block #53054779 with base fee 1326890815
eth_blockNumber
eth_getTransactionReceipt
eth_accounts
eth_call
  Contract call:       flashMultiTest#checkOwner
  From:                0xf39fd6e51aad88f6f4ce6ab8827279cfffb92266
  To:                  0xe28a1b108b07c9cfa4636165ee7ca3927ee17797

eth_getTransactionCount
eth_estimateGas
eth_getBlockByNumber
eth_gasPrice
eth_maxPriorityFeePerGas - Method not supported
eth_sendRawTransaction
  Contract deployment: flashDirectTest
  Contract address:    0xf5971713619e7622e82f329a3f46b7280e781c58
  Transaction:         0xYOURKEYHERE
  From:                0xf39fd6e51aad88f6f4ce6ab8827279cfffb92266
  Value:               0 ETH
  Gas used:            1951658 of 1951658
  Block #53054780:     0xYOURKEYHERE

eth_getTransactionReceipt
Mined empty block #53054781 with base fee 1034783552
Mined empty block range #53054781 to #53054782
eth_blockNumber
eth_getTransactionReceipt
eth_call
  Contract call:       flashDirectTest#checkOwner
  From:                0xf39fd6e51aad88f6f4ce6ab8827279cfffb92266
  To:                  0xf5971713619e7622e82f329a3f46b7280e781c58

Mined empty block #53054783 with base fee 792256157
Mined empty block range #53054783 to #53054784
Mined empty block range #53054783 to #53054785
Mined empty block range #53054783 to #53054786
eth_getBlockByNumber
Mined empty block #53054787 with base fee 464406015
Mined empty block range #53054787 to #53054788
Mined empty block range #53054787 to #53054789
Mined empty block range #53054787 to #53054790
Mined empty block range #53054787 to #53054791
Mined empty block range #53054787 to #53054792
Mined empty block range #53054787 to #53054793
Mined empty block range #53054787 to #53054794
Mined empty block range #53054787 to #53054795
Mined empty block range #53054787 to #53054796
Mined empty block range #53054787 to #53054797
Mined empty block range #53054787 to #53054798
Mined empty block range #53054787 to #53054799
eth_getBlockByNumber
Mined empty block #53054800 with base fee 81846958
Mined empty block range #53054800 to #53054801
Mined empty block range #53054800 to #53054802
Mined empty block range #53054800 to #53054803
Mined empty block range #53054800 to #53054804
Mined empty block range #53054800 to #53054805
Mined empty block range #53054800 to #53054806
Mined empty block range #53054800 to #53054807
Mined empty block range #53054800 to #53054808
Mined empty block range #53054800 to #53054809
Mined empty block range #53054800 to #53054810
Mined empty block range #53054800 to #53054811
eth_getBlockByNumber
Mined empty block #53054812 with base fee 16485391
Mined empty block range #53054812 to #53054813
Mined empty block range #53054812 to #53054814
Mined empty block range #53054812 to #53054815
Mined empty block range #53054812 to #53054816
Mined empty block range #53054812 to #53054817
Mined empty block range #53054812 to #53054818
Mined empty block range #53054812 to #53054819
Mined empty block range #53054812 to #53054820
Mined empty block range #53054812 to #53054821
Mined empty block range #53054812 to #53054822
Mined empty block range #53054812 to #53054823
Mined empty block range #53054812 to #53054824
Mined empty block range #53054812 to #53054825
Mined empty block range #53054812 to #53054826
Mined empty block range #53054812 to #53054827
Mined empty block range #53054812 to #53054828
Mined empty block range #53054812 to #53054829
Mined empty block range #53054812 to #53054830
Mined empty block range #53054812 to #53054831
eth_getBlockByNumber
Mined empty block #53054832 with base fee 1140937
Mined empty block range #53054832 to #53054833
Mined empty block range #53054832 to #53054834
Mined empty block range #53054832 to #53054835
Mined empty block range #53054832 to #53054836
Mined empty block range #53054832 to #53054837
Mined empty block range #53054832 to #53054838
Mined empty block range #53054832 to #53054839
Mined empty block range #53054832 to #53054840
