technical success!:


[2024-02-08T20:18:46.222] [ERROR] default - TELEGRAM ERROR [notify()]: ETELEGRAM: 404 Not Found
[2024-02-08T20:18:46.226] [INFO] default - ====TRANSACTION PARAMS===
[2024-02-08T20:18:46.227] [INFO] default - {
  loanFactory: '0xc35DADB65012eC5796536bD9864eD8773aBc74C4',
  loanRouter: '0x1b02dA8Cb0d097eB8D57A175b88c7D8b47997506',
  targetRouter: '0xC0788A3aD43d79aa53B09c2EaCc313A787d1d607',
  tokenInId: '0x0d500B1d8E8eF31E21C99d1Db9A6444d3ADf1270',
  tokenOutId: '0x53E0bca35eC356BD5ddDFebbD1Fc0fD03FaBad39',
  tradeSize: 95135454348902773n,
  amountOut: 4412621067311243n,
  repay: 4392807479440597n
}

[2024-02-08T20:18:46.568] [INFO] default - [sendTX(tx)]: Transaction failed: Already Known
Error logging transaction emits: Cannot read properties of undefined (reading 'hash')
[2024-02-08T20:18:46.569] [INFO] default - :::::::::::::::::::::::::::::::::::Transaction logs:::::::::::::::::::::::::
[2024-02-08T20:18:46.569] [INFO] default - undefined
New wallet balance:
Wallet: [object Promise]
Wallet balance token0: 0.0 Asset:  0x0d500B1d8E8eF31E21C99d1Db9A6444d3ADf1270
Wallet balance token1: 0.0 Asset:  0x53E0bca35eC356BD5ddDFebbD1Fc0fD03FaBad39
Wallet Balance Matic: 0.0 MATIC
[2024-02-08T20:18:46.690] [INFO] default - ::::::::::::::::::::::::::::::::::::::::END TRANSACTION::::::::::::::::::::::::::::::::::::::::
/root/polybotv2/node_modules/ethers/src.ts/utils/errors.ts:694
            error = new Error(message);
                    ^
Error: could not coalesce error (error={ "code": -32000, "message": "already known" }, payload={ "id": 2272, "jsonrpc": "2.0", "method": "eth_sendRawTransaction", "params": [ "0x02f901748189588507108426428507bbfe18998305c42994681ae80029593f6337d2e8f129075f8c2bd0d27780b90104de60dce4000000000000000000000000c35dadb65012ec5796536bd9864ed8773abc74c40000000000000000000000001b02da8cb0d097eb8d57a175b88c7d8b47997506000000000000000000000000c0788a3ad43d79aa53b09c2eacc313a787d1d6070000000000000000000000000d500b1d8e8ef31e21c99d1db9a6444d3adf127000000000000000000000000053e0bca35ec356bd5dddfebbd1fc0fd03fabad390000000000000000000000000000000000000000000000000151fd3112030175000000000000000000000000000000000000000000000000000fad41673ed88b000000000000000000000000000000000000000000000000000f9b3c3160f4d5c001a082b28a981bdbd0cfdadebf8413bb13ecd5c296ff4affb99e0910f4157be24641a023c84b2de94786da8c739dfc86d9195fc9505569c9f37b5c724bc90860148556" ] }, code=UNKNOWN_ERROR, version=6.10.0)
    at makeError (/root/polybotv2/node_modules/ethers/src.ts/utils/errors.ts:694:21)
    at JsonRpcProvider.getRpcError (/root/polybotv2/node_modules/ethers/src.ts/providers/provider-jsonrpc.ts:1049:25)
    at /root/polybotv2/node_modules/ethers/src.ts/providers/provider-jsonrpc.ts:563:45
    at processTicksAndRejections (node:internal/process/task_queues:95:5) {
  code: 'UNKNOWN_ERROR',
  error: { code: -32000, message: 'already known' },
  payload: {
    method: 'eth_sendRawTransaction',
    params: [
      '0x02f901748189588507108426428507bbfe18998305c42994681ae80029593f6337d2e8f129075f8c2bd0d27780b90104de60dce4000000000000000000000000c35dadb65012ec5796536bd9864ed8773abc74c40000000000000000000000001b02da8cb0d097eb8d57a175b88c7d8b47997506000000000000000000000000c0788a3ad43d79aa53b09c2eacc313a787d1d6070000000000000000000000000d500b1d8e8ef31e21c99d1db9a6444d3adf127000000000000000000000000053e0bca35ec356bd5dddfebbd1fc0fd03fabad390000000000000000000000000000000000000000000000000151fd3112030175000000000000000000000000000000000000000000000000000fad41673ed88b000000000000000000000000000000000000000000000000000f9b3c3160f4d5c001a082b28a981bdbd0cfdadebf8413bb13ecd5c296ff4affb99e0910f4157be24641a023c84b2de94786da8c739dfc86d9195fc9505569c9f37b5c724bc90860148556'
    ],
    id: 2272,
    jsonrpc: '2.0'
  },
  shortMessage: 'could not coalesce error'
}
root@polynode ~/polybotv2 #