eth_sendRawTransaction
  Contract call:       flashMultiTest#flashSwap
  Transaction:         0x9a308b2e585c70d3078d566f152df57c7a8cb9e4e63ea3977f4456ecef2cfdae
  From:                0xf39fd6e51aad88f6f4ce6ab8827279cfffb92266
  To:                  0xe28a1b108b07c9cfa4636165ee7ca3927ee17797
  Value:               0 ETH
  Gas used:            388862 of 454178
  Block #53054857:     0xd90d88f44308f8cabb9efcd54c775ac2d602d78cfe44080f5bfb0a5a7f9e4916

  console.log:
    Contract flashMultiTest Entered
    amountIn requested:  2950
    amountOut expected:  13717338134021061
    Contract Balance Before Swap:  0
    Pair address:  0xb20e03cc86c0d74bf06cd6f31c57cf7c7ba90bed
    Data encoded
    2950  of token0 approved for swap
    uniswapV2Call Entered
    Decoding Loan Data
    Loan Data Decoded
    Pair address:  0xb20e03cc86c0d74bf06cd6f31c57cf7c7ba90bed
    msg.sender address:  0xb20e03cc86c0d74bf06cd6f31c57cf7c7ba90bed
    Amount0 requested:::::::::::  2950
    Token0 address::::::::::::::  0x2791bca1f2de4661ed88a30c99a7a9449aa84174
    Amount1 expected::::::::::::  0
    Token1 address::::::::::::::  0x4c19ddeebaf84ca3a255730295ad9d824d4ff51f
    New token0 balance (loaned):  2950
    Token balances: 
    Token0::::::::::::::::::::::  2950
    Token1::::::::::::::::::::::  0
    ____________swapExactTokensForTokens_______________
    Swap complete
    swap[0](token0Out):::::::::  2950
    swap[1](token1In)::::::::::  13717338134021061
    Token balances: 
    Token0:::::::::::::::::::::  0
    Token1:::::::::::::::::::::  13717338134021061
    _______________getAmountsIn___________________
    getRepay0 (token1Required):  13374729730175230
    calc'd amountRepay:::::::::  13374729730175230
    Approving loanRouter to spend token1
    Approved
    Repay complete
    Token balances: 
    Token0:::::::::::::::::::  342608403845831
    Token1:::::::::::::::::::  0
    ____________FINAL RESULTS____________ 
    swap[0]Out:::::::::::::::::::  2950
    swap[1]In::::::::::::::::::::  13717338134021061
    Final balances: 
    Token0:::::::::::::::::::::::  0
    Token1:::::::::::::::::::::::  342608403845831
    Approving profit transfer.
    Approved. Sending profit to owner: 
    Transferred token1 to owner
    New Contract Balance (Token0): 0
    New Contract Balance (Token1): 0
    New Owner Balance (Token0): 0
    New Owner Balance (Token1): 342608403845831

eth_sendRawTransaction